The system is: Linux - 5.10.16.3-microsoft-standard-WSL2 - x86_64
Compiling the CXX compiler identification source file "CMakeCXXCompilerId.cpp" succeeded.
Compiler: /usr/bin/c++ 
Build flags: 
Id flags:  

The output was:
0


Compilation of the CXX compiler identification source "CMakeCXXCompilerId.cpp" produced "a.out"

The CXX compiler identification is GNU, found in "/mnt/f/Homolig/homoligcpp/CMakeFiles/3.22.1/CompilerIdCXX/a.out"

Determining if the CXX compiler works passed with the following output:
Change Dir: /mnt/f/Homolig/homoligcpp/CMakeFiles/CMakeTmp

Run Build Command(s):/usr/bin/make -f Makefile cmTC_850c9/fast && make: Warning: File 'Makefile' has modification time 0.16 s in the future
/usr/bin/make  -f CMakeFiles/cmTC_850c9.dir/build.make CMakeFiles/cmTC_850c9.dir/build
make[1]: Entering directory '/mnt/f/Homolig/homoligcpp/CMakeFiles/CMakeTmp'
make[1]: Warning: File 'CMakeFiles/cmTC_850c9.dir/flags.make' has modification time 0.14 s in the future
Building CXX object CMakeFiles/cmTC_850c9.dir/testCXXCompiler.cxx.o
/usr/bin/c++    -o CMakeFiles/cmTC_850c9.dir/testCXXCompiler.cxx.o -c /mnt/f/Homolig/homoligcpp/CMakeFiles/CMakeTmp/testCXXCompiler.cxx
Linking CXX executable cmTC_850c9
/home/thpalmer/miniconda3/bin/cmake -E cmake_link_script CMakeFiles/cmTC_850c9.dir/link.txt --verbose=1
/usr/bin/c++ CMakeFiles/cmTC_850c9.dir/testCXXCompiler.cxx.o -o cmTC_850c9 
make[1]: warning:  Clock skew detected.  Your build may be incomplete.
make[1]: Leaving directory '/mnt/f/Homolig/homoligcpp/CMakeFiles/CMakeTmp'
make: warning:  Clock skew detected.  Your build may be incomplete.



Performing C++ SOURCE FILE Test HAS_FLTO succeeded with the following output:
Change Dir: /mnt/f/Homolig/homoligcpp/CMakeFiles/CMakeTmp

Run Build Command(s):/usr/bin/make -f Makefile cmTC_3aa7f/fast && make: Warning: File 'Makefile' has modification time 1 s in the future
/usr/bin/make  -f CMakeFiles/cmTC_3aa7f.dir/build.make CMakeFiles/cmTC_3aa7f.dir/build
make[1]: Entering directory '/mnt/f/Homolig/homoligcpp/CMakeFiles/CMakeTmp'
make[1]: Warning: File 'CMakeFiles/cmTC_3aa7f.dir/flags.make' has modification time 1 s in the future
Building CXX object CMakeFiles/cmTC_3aa7f.dir/src.cxx.o
/usr/bin/c++ -DHAS_FLTO  -flto -fno-fat-lto-objects -o CMakeFiles/cmTC_3aa7f.dir/src.cxx.o -c /mnt/f/Homolig/homoligcpp/CMakeFiles/CMakeTmp/src.cxx
Linking CXX executable cmTC_3aa7f
/home/thpalmer/miniconda3/bin/cmake -E cmake_link_script CMakeFiles/cmTC_3aa7f.dir/link.txt --verbose=1
/usr/bin/c++ CMakeFiles/cmTC_3aa7f.dir/src.cxx.o -o cmTC_3aa7f  -flto 
make[1]: warning:  Clock skew detected.  Your build may be incomplete.
make[1]: Leaving directory '/mnt/f/Homolig/homoligcpp/CMakeFiles/CMakeTmp'
make: warning:  Clock skew detected.  Your build may be incomplete.


Source file was:
int main() { return 0; }
